<?xml version="1.0" encoding="UTF-8"?>
<!-- Generated by org.testng.reporters.JUnitReportReporter -->
<testsuite hostname="DESKTOP-39F23BB" failures="0" tests="1" name="Button.DefaultClick" time="14.281" errors="0" timestamp="2024-03-20T23:04:11 IST" skipped="0">
  <testcase classname="Button.DefaultClick" name="basic" time="14.281"/>
</testsuite> <!-- Button.DefaultClick -->
