<?xml version="1.0" encoding="UTF-8"?>
<!-- Generated by org.testng.reporters.JUnitReportReporter -->
<testsuite hostname="DESKTOP-39F23BB" failures="0" tests="1" name="Web_Table.SelectValueFromCell" time="16.893" errors="0" timestamp="2024-03-21T07:56:32 IST" skipped="0">
  <testcase classname="Web_Table.SelectValueFromCell" name="ExecuteWebTable" time="16.893"/>
</testsuite> <!-- Web_Table.SelectValueFromCell -->
