<?xml version="1.0" encoding="UTF-8"?>
<!-- Generated by org.testng.reporters.JUnitReportReporter -->
<testsuite hostname="DESKTOP-39F23BB" failures="0" tests="1" name="Web_Table.DynamicWebTables" time="22.244" errors="0" timestamp="2024-03-21T09:12:25 IST" skipped="0">
  <testcase classname="Web_Table.DynamicWebTables" name="ExecuteWebTable" time="22.244"/>
</testsuite> <!-- Web_Table.DynamicWebTables -->
