<?xml version="1.0" encoding="UTF-8"?>
<!-- Generated by org.testng.reporters.JUnitReportReporter -->
<testsuite hostname="DESKTOP-39F23BB" failures="0" tests="1" name="Web_Table.TableWithSort" time="16.699" errors="0" timestamp="2024-03-21T09:26:48 IST" skipped="0">
  <testcase classname="Web_Table.TableWithSort" name="ExecuteWebTable" time="16.699"/>
</testsuite> <!-- Web_Table.TableWithSort -->
