<?xml version="1.0" encoding="UTF-8"?>
<!-- Generated by org.testng.reporters.JUnitReportReporter -->
<testsuite hostname="DESKTOP-39F23BB" failures="0" tests="1" name="Web_Table.SelectAllDataFromTheColumns" time="12.751" errors="0" timestamp="2024-03-21T01:01:45 IST" skipped="0">
  <testcase classname="Web_Table.SelectAllDataFromTheColumns" name="ExecuteWebTable" time="12.751"/>
</testsuite> <!-- Web_Table.SelectAllDataFromTheColumns -->
