<?xml version="1.0" encoding="UTF-8"?>
<!-- Generated by org.testng.reporters.JUnitReportReporter -->
<testsuite hostname="DESKTOP-39F23BB" failures="0" tests="1" name="Web_Table.TablePagination" time="22.219" errors="0" timestamp="2024-03-21T09:36:57 IST" skipped="0">
  <testcase classname="Web_Table.TablePagination" name="ExecuteWebTable" time="22.219"/>
</testsuite> <!-- Web_Table.TablePagination -->
