<?xml version="1.0" encoding="UTF-8"?>
<!-- Generated by org.testng.reporters.JUnitReportReporter -->
<testsuite hostname="DESKTOP-39F23BB" failures="0" tests="1" name="Button.VerifyButton" time="14.798" errors="0" timestamp="2024-03-20T23:49:41 IST" skipped="0">
  <testcase classname="Button.VerifyButton" name="basic" time="14.798"/>
</testsuite> <!-- Button.VerifyButton -->
