<?xml version="1.0" encoding="UTF-8"?>
<!-- Generated by org.testng.reporters.JUnitReportReporter -->
<testsuite hostname="DESKTOP-39F23BB" failures="0" tests="1" name="Web_Table.VerifyWebTable" time="14.054" errors="0" timestamp="2024-03-21T00:00:41 IST" skipped="0">
  <testcase classname="Web_Table.VerifyWebTable" name="ExecuteWebTable" time="14.054"/>
</testsuite> <!-- Web_Table.VerifyWebTable -->
