<?xml version="1.0" encoding="UTF-8"?>
<!-- Generated by org.testng.reporters.JUnitReportReporter -->
<testsuite hostname="DESKTOP-39F23BB" failures="0" tests="1" name="Web_Table.TableWithCheckbox" time="20.599" errors="0" timestamp="2024-03-21T09:56:07 IST" skipped="0">
  <testcase classname="Web_Table.TableWithCheckbox" name="ExecuteWebTable" time="20.599"/>
</testsuite> <!-- Web_Table.TableWithCheckbox -->
